<?xml version="1.0" encoding="UTF-8"?>
<robot generator="Robot 3.0.2 (Python 3.6.1 on win32)" generated="20180404 02:17:09.472">
<suite id="s1" name="Misc Tests" source="C:\Users\Aleksey\Dropbox\my_little_projects\git_demotest\demotest\Tests\misc_tests.robot">
<test id="s1-t1" name="Valid Auth">
<kw name="Custom Basic Auth" library="custom_lib">
<arguments>
<arg>${AUTH URL}</arg>
<arg>${USER}</arg>
<arg>${PASSWORD}</arg>
</arguments>
<status status="PASS" starttime="20180404 02:17:09.629" endtime="20180404 02:17:09.928"></status>
</kw>
<kw name="Check Status" library="custom_lib">
<arguments>
<arg>${200}</arg>
</arguments>
<status status="PASS" starttime="20180404 02:17:09.929" endtime="20180404 02:17:09.929"></status>
</kw>
<kw name="Check Authenticated" library="custom_lib">
<arguments>
<arg>${True}</arg>
</arguments>
<status status="PASS" starttime="20180404 02:17:09.930" endtime="20180404 02:17:09.930"></status>
</kw>
<status status="PASS" starttime="20180404 02:17:09.628" endtime="20180404 02:17:09.931" critical="yes"></status>
</test>
<test id="s1-t2" name="Valid Get">
<kw name="Custom Get" library="custom_lib">
<arguments>
<arg>${GET URL}</arg>
</arguments>
<status status="PASS" starttime="20180404 02:17:09.933" endtime="20180404 02:17:10.232"></status>
</kw>
<kw name="Check Status" library="custom_lib">
<arguments>
<arg>${200}</arg>
</arguments>
<status status="PASS" starttime="20180404 02:17:10.233" endtime="20180404 02:17:10.233"></status>
</kw>
<status status="PASS" starttime="20180404 02:17:09.932" endtime="20180404 02:17:10.234" critical="yes"></status>
</test>
<test id="s1-t3" name="Valid Stream">
<kw name="Custom Stream" library="custom_lib">
<arguments>
<arg>${STREAM URL}</arg>
<arg>${20}</arg>
</arguments>
<status status="PASS" starttime="20180404 02:17:10.236" endtime="20180404 02:17:10.676"></status>
</kw>
<kw name="Check Status" library="custom_lib">
<arguments>
<arg>${200}</arg>
</arguments>
<status status="PASS" starttime="20180404 02:17:10.677" endtime="20180404 02:17:10.677"></status>
</kw>
<kw name="Check Lines" library="custom_lib">
<arguments>
<arg>${20}</arg>
</arguments>
<status status="PASS" starttime="20180404 02:17:10.678" endtime="20180404 02:17:10.678"></status>
</kw>
<status status="PASS" starttime="20180404 02:17:10.235" endtime="20180404 02:17:10.679" critical="yes"></status>
</test>
<test id="s1-t4" name="Header Check">
<kw name="Custom Get" library="custom_lib">
<arguments>
<arg>${GET URL}</arg>
</arguments>
<status status="PASS" starttime="20180404 02:17:10.680" endtime="20180404 02:17:10.967"></status>
</kw>
<kw name="Get Headers" library="custom_lib">
<assign>
<var>&amp;{a}</var>
</assign>
<msg timestamp="20180404 02:17:10.968" level="INFO">&amp;{a} = { Accept=*/* | Accept-Encoding=gzip, deflate | Connection=close | Host=httpbin.org | User-Agent=python-requests/2.18.4 }</msg>
<status status="PASS" starttime="20180404 02:17:10.968" endtime="20180404 02:17:10.968"></status>
</kw>
<kw name="Should Be Equal" library="BuiltIn">
<doc>Fails if the given objects are unequal.</doc>
<arguments>
<arg>httpbin.org</arg>
<arg>&amp;{a}[Host]</arg>
</arguments>
<status status="PASS" starttime="20180404 02:17:10.969" endtime="20180404 02:17:10.970"></status>
</kw>
<status status="PASS" starttime="20180404 02:17:10.679" endtime="20180404 02:17:10.970" critical="yes"></status>
</test>
<doc>A test suite with a single test for valid login.
</doc>
<status status="PASS" starttime="20180404 02:17:09.476" endtime="20180404 02:17:10.972"></status>
</suite>
<statistics>
<total>
<stat pass="4" fail="0">Critical Tests</stat>
<stat pass="4" fail="0">All Tests</stat>
</total>
<tag>
</tag>
<suite>
<stat pass="4" fail="0" id="s1" name="Misc Tests">Misc Tests</stat>
</suite>
</statistics>
<errors>
</errors>
</robot>
